0 verbose cli /usr/local/bin/node /usr/local/bin/npm
1 info using npm@10.9.2
2 info using node@v22.17.1
3 silly config load:file:/usr/local/lib/node_modules/npm/npmrc
4 silly config load:file:/Users/robertalvarez/Desktop/npm packages/ludumvitae/form/.npmrc
5 silly config load:file:/Users/robertalvarez/.npmrc
6 silly config load:file:/Users/robertalvarez/.npm-global/etc/npmrc
7 verbose title npm publish
8 verbose argv "publish" "--dry-run"
9 verbose logfile logs-max:10 dir:/Users/robertalvarez/Desktop/npm packages/ludumvitae/form/.tmp-npm-cache/_logs/2025-11-04T11_48_47_035Z-
10 verbose logfile /Users/robertalvarez/Desktop/npm packages/ludumvitae/form/.tmp-npm-cache/_logs/2025-11-04T11_48_47_035Z-debug-0.log
11 silly logfile done cleaning log files
12 verbose publish [ '.' ]
13 http fetch GET https://registry.npmjs.org/npm attempt 1 failed with ENOTFOUND
14 silly packumentCache heap:4345298944 maxSize:1086324736 maxEntrySize:543162368
15 notice
16 notice package: @ludumvitae/form@0.0.1
17 notice Tarball Contents
18 notice 1.1kB LICENSE
18 notice 2.5kB README.md
18 notice 18.2kB dist/index.d.ts
18 notice 36.9kB dist/index.js
18 notice 85.5kB dist/index.js.map
18 notice 1.5kB package.json
19 notice Tarball Details
20 notice name: @ludumvitae/form
21 notice version: 0.0.1
22 notice filename: ludumvitae-form-0.0.1.tgz
23 notice package size: 24.3 kB
24 notice unpacked size: 145.7 kB
25 notice shasum: 8561cebd4382805c4acddcd3e448fbcd1a1c0a9c
26 notice integrity: sha512-+0KMmU9VaapDA[...]HfBI6jDXDAbLw==
27 notice total files: 6
28 notice
29 notice Publishing to https://registry.npmjs.org/ with tag latest and public access (dry-run)
30 verbose cwd /Users/robertalvarez/Desktop/npm packages/ludumvitae/form
31 verbose os Darwin 24.6.0
32 verbose node v22.17.1
33 verbose npm  v10.9.2
34 verbose exit 0
35 info ok
